  Lexical_Analyzer.cpp
D:\Software\Programming\cpp\Code\complier\Lexical_Analyzer\Lexical_Analyzer\Lexical_Analyzer.cpp(38,20): warning C4018: '<': signed/unsigned mismatch
D:\Software\Programming\cpp\Code\complier\Lexical_Analyzer\Lexical_Analyzer\Lexical_Analyzer.cpp(41,15): warning C4018: '<': signed/unsigned mismatch
D:\Software\Programming\cpp\Code\complier\Lexical_Analyzer\Lexical_Analyzer\Lexical_Analyzer.cpp(49,39): warning C4018: '<': signed/unsigned mismatch
D:\Software\Programming\cpp\Code\complier\Lexical_Analyzer\Lexical_Analyzer\Lexical_Analyzer.cpp(83,20): warning C4018: '<': signed/unsigned mismatch
D:\Software\Programming\cpp\Code\complier\Lexical_Analyzer\Lexical_Analyzer\Lexical_Analyzer.cpp(89,13): warning C4018: '<': signed/unsigned mismatch
D:\Software\Programming\cpp\Code\complier\Lexical_Analyzer\Lexical_Analyzer\Lexical_Analyzer.cpp(121,21): warning C4018: '<': signed/unsigned mismatch
D:\Software\Programming\cpp\Code\complier\Lexical_Analyzer\Lexical_Analyzer\Lexical_Analyzer.cpp(127,13): warning C4018: '<': signed/unsigned mismatch
D:\Software\Programming\cpp\Code\complier\Lexical_Analyzer\Lexical_Analyzer\Lexical_Analyzer.cpp(132,10): warning C4018: '<': signed/unsigned mismatch
D:\Software\Programming\cpp\Code\complier\Lexical_Analyzer\Lexical_Analyzer\Lexical_Analyzer.cpp(180,20): warning C4018: '<': signed/unsigned mismatch
D:\Software\Programming\cpp\Code\complier\Lexical_Analyzer\Lexical_Analyzer\Lexical_Analyzer.cpp(183,16): warning C4018: '<': signed/unsigned mismatch
D:\Software\Programming\cpp\Code\complier\Lexical_Analyzer\Lexical_Analyzer\Lexical_Analyzer.cpp(188,13): warning C4018: '<': signed/unsigned mismatch
D:\Software\Programming\cpp\Code\complier\Lexical_Analyzer\Lexical_Analyzer\Lexical_Analyzer.cpp(193,10): warning C4018: '<': signed/unsigned mismatch
D:\Software\Programming\cpp\Code\complier\Lexical_Analyzer\Lexical_Analyzer\Lexical_Analyzer.cpp(286,20): warning C4018: '<': signed/unsigned mismatch
D:\Software\Programming\cpp\Code\complier\Lexical_Analyzer\Lexical_Analyzer\Lexical_Analyzer.cpp(292,15): warning C4018: '<': signed/unsigned mismatch
D:\Software\Programming\cpp\Code\complier\Lexical_Analyzer\Lexical_Analyzer\Lexical_Analyzer.cpp(292,94): warning C4018: '<': signed/unsigned mismatch
D:\Software\Programming\cpp\Code\complier\Lexical_Analyzer\Lexical_Analyzer\Lexical_Analyzer.cpp(302,20): warning C4018: '<': signed/unsigned mismatch
D:\Software\Programming\cpp\Code\complier\Lexical_Analyzer\Lexical_Analyzer\Lexical_Analyzer.cpp(311,20): warning C4018: '<': signed/unsigned mismatch
D:\Software\Programming\cpp\Code\complier\Lexical_Analyzer\Lexical_Analyzer\Lexical_Analyzer.cpp(320,20): warning C4018: '<': signed/unsigned mismatch
  Source.cpp
  Generating Code...
D:\Software\Programming\cpp\Code\complier\Lexical_Analyzer\Lexical_Analyzer\Lexical_Analyzer.cpp(20): warning C4717: 'Lexical_Analyzer::~Lexical_Analyzer': recursive on all control paths, function will cause runtime stack overflow
  Lexical_Analyzer.vcxproj -> D:\Software\Programming\cpp\Code\complier\Lexical_Analyzer\Debug\Lexical_Analyzer.exe
